<?xml version="1.0" encoding="UTF-8"?>
<coverage generated="1458598094999" clover="3.2.0">
	<project timestamp="1458598094999"  name="All Files" >
		<metrics statements="12"  coveredstatements="12"  conditionals="0"  coveredconditionals="0"  methods="3"  coveredmethods="3"  elements="15"  coveredelements="15"  complexity="0"  packages="1"  files="2"  classes="2"  loc="23"  ncloc="23" />
		<package name="test" >
			<metrics statements="12"  coveredstatements="12"  conditionals="0"  coveredconditionals="0"  methods="3"  coveredmethods="3" />
			<file name="conf.js"  path="/Users/thyag/work/Kiro/test/conf.js" >
				<metrics statements="1"  coveredstatements="1"  conditionals="0"  coveredconditionals="0"  methods="0"  coveredmethods="0" />
				<line num="1"  count="1"  type="stmt" />
			</file>
			<file name="todo-spec.js"  path="/Users/thyag/work/Kiro/test/todo-spec.js" >
				<metrics statements="11"  coveredstatements="11"  conditionals="0"  coveredconditionals="0"  methods="3"  coveredmethods="3" />
				<line num="3"  count="1"  type="stmt" />
				<line num="4"  count="1"  type="stmt" />
				<line num="5"  count="1"  type="stmt" />
				<line num="6"  count="1"  type="stmt" />
				<line num="11"  count="1"  type="stmt" />
				<line num="12"  count="1"  type="stmt" />
				<line num="13"  count="1"  type="stmt" />
				<line num="15"  count="1"  type="stmt" />
				<line num="16"  count="1"  type="stmt" />
				<line num="21"  count="1"  type="stmt" />
				<line num="22"  count="1"  type="stmt" />
			</file>
		</package>
	</project>
</coverage>
